[35msvelte-sophia:build[0m: cache hit, replaying output [2mdf5e5aecb6e7ba5f[0m
[35msvelte-sophia:build: [0m
[35msvelte-sophia:build: [0m> svelte-sophia@0.0.1 build /Users/jon/Sites/uni/packages/svelte-sophia
[35msvelte-sophia:build: [0m> svelte-kit build
[35msvelte-sophia:build: [0m
[35msvelte-sophia:build: [0m
[35msvelte-sophia:build: [0m> svelte-kit build is no longer available — use vite build instead
[35msvelte-sophia:build: [0m  1. Install vite as a devDependency with npm/pnpm/etc
[35msvelte-sophia:build: [0m  2. Create a vite.config.js with the @sveltejs/kit/vite plugin (see below)
[35msvelte-sophia:build: [0m  3. Update your package.json scripts to reference `vite build` instead of `svelte-kit build`
[35msvelte-sophia:build: [0m
[35msvelte-sophia:build: [0m// vite.config.js
[35msvelte-sophia:build: [0mimport { sveltekit } from '@sveltejs/kit/vite';
[35msvelte-sophia:build: [0m
[35msvelte-sophia:build: [0m/** @type {import('vite').UserConfig} */
[35msvelte-sophia:build: [0mconst config = {
[35msvelte-sophia:build: [0m	plugins: [sveltekit()]
[35msvelte-sophia:build: [0m};
[35msvelte-sophia:build: [0m
[35msvelte-sophia:build: [0mexport default config;
[35msvelte-sophia:build: [0m
[35msvelte-sophia:build: [0m
[35msvelte-sophia:build: [0m ELIFECYCLE  Command failed with exit code 1.
